[debug] [2025-09-05T12:15:48.792Z] ----------------------------------------------------------------------
[debug] [2025-09-05T12:15:48.795Z] Command:       C:\Program Files\nodejs\node.exe C:\Users\DELL\AppData\Roaming\npm\node_modules\firebase-tools\lib\bin\firebase.js init
[debug] [2025-09-05T12:15:48.795Z] CLI Version:   14.15.2
[debug] [2025-09-05T12:15:48.795Z] Platform:      win32
[debug] [2025-09-05T12:15:48.795Z] Node Version:  v22.13.0
[debug] [2025-09-05T12:15:48.795Z] Time:          Fri Sep 05 2025 17:45:48 GMT+0530 (India Standard Time)
[debug] [2025-09-05T12:15:48.795Z] ----------------------------------------------------------------------
[debug] 
[debug] [2025-09-05T12:15:48.802Z] > command requires scopes: ["email","openid","https://www.googleapis.com/auth/cloudplatformprojects.readonly","https://www.googleapis.com/auth/firebase","https://www.googleapis.com/auth/cloud-platform"]
[debug] [2025-09-05T12:15:48.802Z] > authorizing via signed-in user (ankurkumarpbh101@gmail.com)
[info] 
     ######## #### ########  ######## ########     ###     ######  ########
     ##        ##  ##     ## ##       ##     ##  ##   ##  ##       ##
     ######    ##  ########  ######   ########  #########  ######  ######
     ##        ##  ##    ##  ##       ##     ## ##     ##       ## ##
     ##       #### ##     ## ######## ########  ##     ##  ######  ########

You're about to initialize a Firebase project in this directory:

  D:\Desktop\ABES

[debug] [2025-09-05T12:17:38.147Z] ExitPromptError: User force closed the prompt with SIGINT
    at Interface.sigint (C:\Users\DELL\AppData\Roaming\npm\node_modules\firebase-tools\node_modules\@inquirer\core\dist\commonjs\lib\create-prompt.js:101:37)
    at Interface.emit (node:events:524:28)
    at Interface.emit (node:domain:489:12)
    at [_ttyWrite] [as _ttyWrite] (node:internal/readline/interface:1124:18)
    at ReadStream.onkeypress (node:internal/readline/interface:263:20)
    at ReadStream.emit (node:events:536:35)
    at ReadStream.emit (node:domain:489:12)
    at emitKeys (node:internal/readline/utils:370:14)
    at emitKeys.next (<anonymous>)
    at ReadStream.onData (node:internal/readline/emitKeypressEvents:64:36)
[error] 
[error] Error: An unexpected error has occurred.
